<?xml version="1.0" encoding="UTF-8"?>
<testng-results ignored="0" total="1" passed="1" failed="0" skipped="0">
  <reporter-output>
  </reporter-output>
  <suite started-at="2025-07-23T09:16:47 IST" name="Default suite" finished-at="2025-07-23T09:16:52 IST" duration-ms="4451">
    <groups>
    </groups>
    <test started-at="2025-07-23T09:16:47 IST" name="Default test" finished-at="2025-07-23T09:16:52 IST" duration-ms="4451">
      <class name="POJO.OAuthRequestwithPojo">
        <test-method signature="getAccessToken()[pri:0, instance:POJO.OAuthRequestwithPojo@15c43bd9]" started-at="2025-07-23T09:16:47 IST" name="getAccessToken" finished-at="2025-07-23T09:16:52 IST" duration-ms="4388" status="PASS">
          <reporter-output>
          </reporter-output>
        </test-method> <!-- getAccessToken -->
      </class> <!-- POJO.OAuthRequestwithPojo -->
    </test> <!-- Default test -->
  </suite> <!-- Default suite -->
</testng-results>
